{
"contracts/DutchAuction.sol":{"l":{"20":1,"21":1,"22":1,"23":1,"24":1,"26":1,"29":1,"33":12,"34":12,"38":9,"39":9,"40":9,"44":3,"46":2,"48":2,"52":1,"54":1,"55":1,"57":1,"58":1},"path":"/home/mitya/Documents/DEV/PROJECTS/Blockchain/DutchAuction/contracts/DutchAuction.sol","s":{"1":1,"2":12,"3":9,"4":9,"5":9,"6":3,"7":2,"8":2,"9":1,"10":1,"11":1,"12":1},"b":{"1":[1,0],"2":[12,0],"3":[9,0],"4":[3,0],"5":[2,1],"6":[1,1],"7":[1,0]},"f":{"1":1,"2":12,"3":9,"4":3},"fnMap":{"1":{"name":"constructor","line":15,"loc":{"start":{"line":15,"column":2},"end":{"line":30,"column":2}}},"2":{"name":"notStoped","line":32,"loc":{"start":{"line":32,"column":2},"end":{"line":35,"column":2}}},"3":{"name":"getPrice","line":37,"loc":{"start":{"line":37,"column":2},"end":{"line":41,"column":2}}},"4":{"name":"buy","line":43,"loc":{"start":{"line":43,"column":2},"end":{"line":59,"column":2}}}},"statementMap":{"1":{"start":{"line":26,"column":4},"end":{"line":26,"column":756}},"2":{"start":{"line":33,"column":4},"end":{"line":33,"column":30}},"3":{"start":{"line":38,"column":4},"end":{"line":38,"column":51}},"4":{"start":{"line":39,"column":4},"end":{"line":39,"column":49}},"5":{"start":{"line":40,"column":4},"end":{"line":40,"column":35}},"6":{"start":{"line":44,"column":4},"end":{"line":44,"column":45}},"7":{"start":{"line":46,"column":4},"end":{"line":46,"column":30}},"8":{"start":{"line":48,"column":4},"end":{"line":48,"column":50}},"9":{"start":{"line":52,"column":4},"end":{"line":52,"column":38}},"10":{"start":{"line":54,"column":4},"end":{"line":54,"column":1338}},"11":{"start":{"line":55,"column":6},"end":{"line":55,"column":41}},"12":{"start":{"line":57,"column":4},"end":{"line":57,"column":41}}},"branchMap":{"1":{"line":26,"type":"if","locations":[{"start":{"line":26,"column":4},"end":{"line":26,"column":4}},{"start":{"line":26,"column":4},"end":{"line":26,"column":4}}]},"2":{"line":33,"type":"if","locations":[{"start":{"line":33,"column":4},"end":{"line":33,"column":4}},{"start":{"line":33,"column":4},"end":{"line":33,"column":4}}]},"3":{"line":37,"type":"if","locations":[{"start":{"line":37,"column":34},"end":{"line":37,"column":34}},{"start":{"line":37,"column":34},"end":{"line":37,"column":34}}]},"4":{"line":43,"type":"if","locations":[{"start":{"line":43,"column":34},"end":{"line":43,"column":34}},{"start":{"line":43,"column":34},"end":{"line":43,"column":34}}]},"5":{"line":44,"type":"if","locations":[{"start":{"line":44,"column":4},"end":{"line":44,"column":4}},{"start":{"line":44,"column":4},"end":{"line":44,"column":4}}]},"6":{"line":48,"type":"if","locations":[{"start":{"line":48,"column":4},"end":{"line":48,"column":4}},{"start":{"line":48,"column":4},"end":{"line":48,"column":4}}]},"7":{"line":54,"type":"if","locations":[{"start":{"line":54,"column":4},"end":{"line":54,"column":4}},{"start":{"line":54,"column":4},"end":{"line":54,"column":4}}]}}}}
