TN:
SF:/home/mitya/Documents/DEV/PROJECTS/Blockchain/DutchAuction/contracts/DutchAuction.sol
FN:15,constructor
FN:32,notStoped
FN:37,getPrice
FN:43,buy
FNF:4
FNH:4
FNDA:1,constructor
FNDA:12,notStoped
FNDA:9,getPrice
FNDA:3,buy
DA:20,1
DA:21,1
DA:22,1
DA:23,1
DA:24,1
DA:26,1
DA:29,1
DA:33,12
DA:34,12
DA:38,9
DA:39,9
DA:40,9
DA:44,3
DA:46,2
DA:48,2
DA:52,1
DA:54,1
DA:55,1
DA:57,1
DA:58,1
LF:20
LH:20
BRDA:26,1,0,1
BRDA:26,1,1,0
BRDA:33,2,0,12
BRDA:33,2,1,0
BRDA:37,3,0,9
BRDA:37,3,1,0
BRDA:43,4,0,3
BRDA:43,4,1,0
BRDA:44,5,0,2
BRDA:44,5,1,1
BRDA:48,6,0,1
BRDA:48,6,1,1
BRDA:54,7,0,1
BRDA:54,7,1,0
BRF:14
BRH:9
end_of_record
